<?xml version="1.0" encoding="UTF-8"?>
<testng-results ignored="0" total="1" passed="1" failed="0" skipped="0">
  <reporter-output>
  </reporter-output>
  <suite started-at="2024-02-28T10:53:34 IST" name="Suite" finished-at="2024-02-28T10:53:38 IST" duration-ms="4343">
    <groups>
    </groups>
    <test started-at="2024-02-28T10:53:34 IST" name="Test" finished-at="2024-02-28T10:53:38 IST" duration-ms="4343">
      <class name="TestNg.parametrized">
        <test-method signature="Parametrized(java.lang.String)[pri:0, instance:TestNg.parametrized@23f7d05d]" started-at="2024-02-28T10:53:34 IST" name="Parametrized" finished-at="2024-02-28T10:53:38 IST" duration-ms="4292" status="PASS">
          <params>
            <param index="0">
              <value>
                <![CDATA[chrome]]>
              </value>
            </param>
          </params>
          <reporter-output>
          </reporter-output>
        </test-method> <!-- Parametrized -->
      </class> <!-- TestNg.parametrized -->
    </test> <!-- Test -->
  </suite> <!-- Suite -->
</testng-results>
