<?xml version="1.0" encoding="UTF-8"?>
<testng-results ignored="0" total="1" passed="1" failed="0" skipped="0">
  <reporter-output>
  </reporter-output>
  <suite started-at="2024-02-27T11:15:27 IST" name="Default suite" finished-at="2024-02-27T11:15:30 IST" duration-ms="3880">
    <groups>
    </groups>
    <test started-at="2024-02-27T11:15:27 IST" name="Default test" finished-at="2024-02-27T11:15:30 IST" duration-ms="3880">
      <class name="TestNg.ListenerTestClass">
        <test-method signature="invokechrome()[pri:0, instance:TestNg.ListenerTestClass@52bf72b5]" started-at="2024-02-27T11:15:27 IST" name="invokechrome" finished-at="2024-02-27T11:15:30 IST" duration-ms="3821" status="PASS">
          <reporter-output>
          </reporter-output>
        </test-method> <!-- invokechrome -->
      </class> <!-- TestNg.ListenerTestClass -->
    </test> <!-- Default test -->
  </suite> <!-- Default suite -->
</testng-results>
